<?xml version="1.0" encoding="UTF-8"?>
<testsuite name="qa.automation.LoginTest" tests="4" skipped="0" failures="0" errors="0" timestamp="2020-03-04T10:15:53" hostname="DESKTOP-U5B0LUD" time="57.489">
  <properties/>
  <testcase name="testCanLoginWithValidCredentials()" classname="qa.automation.LoginTest" time="17.171"/>
  <testcase name="testLoginWitInvalidOtp()" classname="qa.automation.LoginTest" time="14.171"/>
  <testcase name="testRestoreAccess()" classname="qa.automation.LoginTest" time="13.148"/>
  <testcase name="testLoginWithInvalidCredentials()" classname="qa.automation.LoginTest" time="12.985"/>
  <system-out><![CDATA[]]></system-out>
  <system-err><![CDATA[мар. 04, 2020 12:15:53 PM com.codeborne.selenide.impl.WebDriverThreadLocalContainer getAndCheckWebDriver
INFO: No webdriver is bound to current thread: 14 - let's create a new webdriver
Starting ChromeDriver 80.0.3987.106 (f68069574609230cf9b635cd784cfb1bf81bb53a-refs/branch-heads/3987@{#882}) on port 35774
Only local connections are allowed.
Please protect ports used by ChromeDriver and related test frameworks to prevent access by malicious code.
[1583316957.924][WARNING]: Timed out connecting to Chrome, retrying...
мар. 04, 2020 12:15:59 PM org.openqa.selenium.remote.ProtocolHandshake createSession
INFO: Detected dialect: W3C
мар. 04, 2020 12:16:00 PM com.codeborne.selenide.webdriver.BrowserResizer adjustBrowserSize
INFO: Set browser size to 1366x768
[1583316962.064][WARNING]: Timed out connecting to Chrome, retrying...
мар. 04, 2020 12:16:04 PM com.codeborne.selenide.webdriver.WebDriverFactory logBrowserVersion
INFO: BrowserName=chrome Version=80.0.3987.132 Platform=WINDOWS
мар. 04, 2020 12:16:04 PM com.codeborne.selenide.webdriver.WebDriverFactory createWebDriver
INFO: Selenide v. 5.4.1
мар. 04, 2020 12:16:04 PM com.codeborne.selenide.webdriver.WebDriverFactory logSeleniumInfo
INFO: Selenium WebDriver v. 3.141.59 build time: 2018-11-14T08:17:03
мар. 04, 2020 12:16:04 PM com.codeborne.selenide.drivercommands.CreateDriverCommand createDriver
INFO: Create webdriver in current thread 14: ChromeDriver -> ChromeDriver: chrome on WINDOWS (3455b2034ceab3ef7ffcdf2e4f617574)
[1583316966.099][SEVERE]: Timed out receiving message from renderer: 0.100
[1583316966.207][SEVERE]: Timed out receiving message from renderer: 0.100
[1583316966.572][SEVERE]: Timed out receiving message from renderer: 0.100
[1583316966.683][SEVERE]: Timed out receiving message from renderer: 0.100
[1583316968.865][SEVERE]: Timed out receiving message from renderer: 0.100
[1583316968.975][SEVERE]: Timed out receiving message from renderer: 0.100
[1583316969.085][SEVERE]: Timed out receiving message from renderer: 0.100
[1583316969.515][SEVERE]: Timed out receiving message from renderer: 0.100
[1583316969.624][SEVERE]: Timed out receiving message from renderer: 0.100
мар. 04, 2020 12:16:09 PM com.codeborne.selenide.drivercommands.CloseDriverCommand run
INFO: Close webdriver: 14 -> ChromeDriver: chrome on WINDOWS (3455b2034ceab3ef7ffcdf2e4f617574)
мар. 04, 2020 12:16:09 PM com.codeborne.selenide.drivercommands.CloseBrowser run
INFO: Trying to close the browser ChromeDriver ...
мар. 04, 2020 12:16:10 PM com.codeborne.selenide.drivercommands.CloseDriverCommand run
INFO: Closed webdriver 14 in 627 ms
мар. 04, 2020 12:16:10 PM com.codeborne.selenide.impl.WebDriverThreadLocalContainer getAndCheckWebDriver
INFO: No webdriver is bound to current thread: 14 - let's create a new webdriver
Starting ChromeDriver 80.0.3987.106 (f68069574609230cf9b635cd784cfb1bf81bb53a-refs/branch-heads/3987@{#882}) on port 36498
Only local connections are allowed.
Please protect ports used by ChromeDriver and related test frameworks to prevent access by malicious code.
[1583316973.713][WARNING]: Timed out connecting to Chrome, retrying...
мар. 04, 2020 12:16:15 PM org.openqa.selenium.remote.ProtocolHandshake createSession
INFO: Detected dialect: W3C
мар. 04, 2020 12:16:15 PM com.codeborne.selenide.webdriver.BrowserResizer adjustBrowserSize
INFO: Set browser size to 1366x768
[1583316977.796][WARNING]: Timed out connecting to Chrome, retrying...
мар. 04, 2020 12:16:19 PM com.codeborne.selenide.webdriver.WebDriverFactory logBrowserVersion
INFO: BrowserName=chrome Version=80.0.3987.132 Platform=WINDOWS
мар. 04, 2020 12:16:19 PM com.codeborne.selenide.webdriver.WebDriverFactory createWebDriver
INFO: Selenide v. 5.4.1
мар. 04, 2020 12:16:19 PM com.codeborne.selenide.webdriver.WebDriverFactory logSeleniumInfo
INFO: Selenium WebDriver v. 3.141.59 build time: 2018-11-14T08:17:03
мар. 04, 2020 12:16:19 PM com.codeborne.selenide.drivercommands.CreateDriverCommand createDriver
INFO: Create webdriver in current thread 14: ChromeDriver -> ChromeDriver: chrome on WINDOWS (046f728c9243c39d4ac7215ecef886a4)
[1583316980.725][SEVERE]: Timed out receiving message from renderer: 0.100
[1583316980.836][SEVERE]: Timed out receiving message from renderer: 0.100
[1583316980.947][SEVERE]: Timed out receiving message from renderer: 0.100
[1583316981.277][SEVERE]: Timed out receiving message from renderer: 0.100
[1583316981.387][SEVERE]: Timed out receiving message from renderer: 0.100
[1583316981.493][SEVERE]: Timed out receiving message from renderer: 0.100
мар. 04, 2020 12:16:23 PM com.codeborne.selenide.drivercommands.CloseDriverCommand run
INFO: Close webdriver: 14 -> ChromeDriver: chrome on WINDOWS (046f728c9243c39d4ac7215ecef886a4)
мар. 04, 2020 12:16:23 PM com.codeborne.selenide.drivercommands.CloseBrowser run
INFO: Trying to close the browser ChromeDriver ...
мар. 04, 2020 12:16:24 PM com.codeborne.selenide.drivercommands.CloseDriverCommand run
INFO: Closed webdriver 14 in 1169 ms
мар. 04, 2020 12:16:24 PM com.codeborne.selenide.impl.WebDriverThreadLocalContainer getAndCheckWebDriver
INFO: No webdriver is bound to current thread: 14 - let's create a new webdriver
Starting ChromeDriver 80.0.3987.106 (f68069574609230cf9b635cd784cfb1bf81bb53a-refs/branch-heads/3987@{#882}) on port 23472
Only local connections are allowed.
Please protect ports used by ChromeDriver and related test frameworks to prevent access by malicious code.
[1583316987.902][WARNING]: Timed out connecting to Chrome, retrying...
мар. 04, 2020 12:16:29 PM org.openqa.selenium.remote.ProtocolHandshake createSession
INFO: Detected dialect: W3C
мар. 04, 2020 12:16:29 PM com.codeborne.selenide.webdriver.BrowserResizer adjustBrowserSize
INFO: Set browser size to 1366x768
[1583316991.950][WARNING]: Timed out connecting to Chrome, retrying...
мар. 04, 2020 12:16:34 PM com.codeborne.selenide.webdriver.WebDriverFactory logBrowserVersion
INFO: BrowserName=chrome Version=80.0.3987.132 Platform=WINDOWS
мар. 04, 2020 12:16:34 PM com.codeborne.selenide.webdriver.WebDriverFactory createWebDriver
INFO: Selenide v. 5.4.1
мар. 04, 2020 12:16:34 PM com.codeborne.selenide.webdriver.WebDriverFactory logSeleniumInfo
INFO: Selenium WebDriver v. 3.141.59 build time: 2018-11-14T08:17:03
мар. 04, 2020 12:16:34 PM com.codeborne.selenide.drivercommands.CreateDriverCommand createDriver
INFO: Create webdriver in current thread 14: ChromeDriver -> ChromeDriver: chrome on WINDOWS (32a3fb28d7b730c47a50bf526e11b230)
[1583316994.900][SEVERE]: Timed out receiving message from renderer: 0.100
[1583316995.006][SEVERE]: Timed out receiving message from renderer: 0.100
[1583316995.114][SEVERE]: Timed out receiving message from renderer: 0.100
[1583316995.478][SEVERE]: Timed out receiving message from renderer: 0.100
мар. 04, 2020 12:16:36 PM com.codeborne.selenide.drivercommands.CloseDriverCommand run
INFO: Close webdriver: 14 -> ChromeDriver: chrome on WINDOWS (32a3fb28d7b730c47a50bf526e11b230)
мар. 04, 2020 12:16:36 PM com.codeborne.selenide.drivercommands.CloseBrowser run
INFO: Trying to close the browser ChromeDriver ...
мар. 04, 2020 12:16:37 PM com.codeborne.selenide.drivercommands.CloseDriverCommand run
INFO: Closed webdriver 14 in 1450 ms
мар. 04, 2020 12:16:37 PM com.codeborne.selenide.impl.WebDriverThreadLocalContainer getAndCheckWebDriver
INFO: No webdriver is bound to current thread: 14 - let's create a new webdriver
Starting ChromeDriver 80.0.3987.106 (f68069574609230cf9b635cd784cfb1bf81bb53a-refs/branch-heads/3987@{#882}) on port 29972
Only local connections are allowed.
Please protect ports used by ChromeDriver and related test frameworks to prevent access by malicious code.
[1583317001.053][WARNING]: Timed out connecting to Chrome, retrying...
мар. 04, 2020 12:16:43 PM org.openqa.selenium.remote.ProtocolHandshake createSession
INFO: Detected dialect: W3C
мар. 04, 2020 12:16:43 PM com.codeborne.selenide.webdriver.BrowserResizer adjustBrowserSize
INFO: Set browser size to 1366x768
[1583317005.113][WARNING]: Timed out connecting to Chrome, retrying...
мар. 04, 2020 12:16:47 PM com.codeborne.selenide.webdriver.WebDriverFactory logBrowserVersion
INFO: BrowserName=chrome Version=80.0.3987.132 Platform=WINDOWS
мар. 04, 2020 12:16:47 PM com.codeborne.selenide.webdriver.WebDriverFactory createWebDriver
INFO: Selenide v. 5.4.1
мар. 04, 2020 12:16:47 PM com.codeborne.selenide.webdriver.WebDriverFactory logSeleniumInfo
INFO: Selenium WebDriver v. 3.141.59 build time: 2018-11-14T08:17:03
мар. 04, 2020 12:16:47 PM com.codeborne.selenide.drivercommands.CreateDriverCommand createDriver
INFO: Create webdriver in current thread 14: ChromeDriver -> ChromeDriver: chrome on WINDOWS (479fc7167f3c8259addb449b93a59ab2)
[1583317007.991][SEVERE]: Timed out receiving message from renderer: 0.100
[1583317008.099][SEVERE]: Timed out receiving message from renderer: 0.100
[1583317008.471][SEVERE]: Timed out receiving message from renderer: 0.100
[1583317008.579][SEVERE]: Timed out receiving message from renderer: 0.100
мар. 04, 2020 12:16:50 PM com.codeborne.selenide.drivercommands.CloseDriverCommand run
INFO: Close webdriver: 14 -> ChromeDriver: chrome on WINDOWS (479fc7167f3c8259addb449b93a59ab2)
мар. 04, 2020 12:16:50 PM com.codeborne.selenide.drivercommands.CloseBrowser run
INFO: Trying to close the browser ChromeDriver ...
мар. 04, 2020 12:16:50 PM com.codeborne.selenide.drivercommands.CloseDriverCommand run
INFO: Closed webdriver 14 in 629 ms
]]></system-err>
</testsuite>
